<?xml version="1.0" encoding="windows-1251" standalone="no"?>
<!DOCTYPE log SYSTEM "logger.dtd">
<log>
<record>
  <date>2017-11-04T00:59:08</date>
  <millis>1509746348130</millis>
  <sequence>5</sequence>
  <logger>ESPlorer.ESPlorer</logger>
  <level>INFO</level>
  <class>ESPlorer.ESPlorer</class>
  <method>log</method>
  <thread>13</thread>
  <message>Load saved settings: Firmware:NodeMCU</message>
</record>
<record>
  <date>2017-11-04T00:59:08</date>
  <millis>1509746348194</millis>
  <sequence>6</sequence>
  <logger>ESPlorer.ESPlorer</logger>
  <level>INFO</level>
  <class>ESPlorer.ESPlorer</class>
  <method>log</method>
  <thread>13</thread>
  <message>Snippets: loading...</message>
</record>
<record>
  <date>2017-11-04T00:59:08</date>
  <millis>1509746348210</millis>
  <sequence>7</sequence>
  <logger>ESPlorer.ESPlorer</logger>
  <level>INFO</level>
  <class>ESPlorer.ESPlorer</class>
  <method>log</method>
  <thread>13</thread>
  <message>Snippets load: Success.</message>
</record>
<record>
  <date>2017-11-04T00:59:08</date>
  <millis>1509746348312</millis>
  <sequence>8</sequence>
  <logger>ESPlorer.ESPlorer</logger>
  <level>INFO</level>
  <class>ESPlorer.ESPlorer</class>
  <method>log</method>
  <thread>13</thread>
  <message>Set new color theme: Success.</message>
</record>
<record>
  <date>2017-11-04T00:59:08</date>
  <millis>1509746348320</millis>
  <sequence>9</sequence>
  <logger>ESPlorer.ESPlorer</logger>
  <level>INFO</level>
  <class>ESPlorer.ESPlorer</class>
  <method>log</method>
  <thread>13</thread>
  <message>Load saved settings: DONE.</message>
</record>
<record>
  <date>2017-11-04T00:59:08</date>
  <millis>1509746348324</millis>
  <sequence>10</sequence>
  <logger>ESPlorer.ESPlorer</logger>
  <level>INFO</level>
  <class>ESPlorer.ESPlorer</class>
  <method>log</method>
  <thread>13</thread>
  <message>Snippets: loading...</message>
</record>
<record>
  <date>2017-11-04T00:59:08</date>
  <millis>1509746348329</millis>
  <sequence>11</sequence>
  <logger>ESPlorer.ESPlorer</logger>
  <level>INFO</level>
  <class>ESPlorer.ESPlorer</class>
  <method>log</method>
  <thread>13</thread>
  <message>Snippets load: Success.</message>
</record>
<record>
  <date>2017-11-04T00:59:08</date>
  <millis>1509746348984</millis>
  <sequence>12</sequence>
  <logger>ESPlorer.ESPlorer</logger>
  <level>INFO</level>
  <class>ESPlorer.ESPlorer</class>
  <method>log</method>
  <thread>13</thread>
  <message>Scan system...</message>
</record>
<record>
  <date>2017-11-04T00:59:08</date>
  <millis>1509746348994</millis>
  <sequence>13</sequence>
  <logger>ESPlorer.ESPlorer</logger>
  <level>INFO</level>
  <class>ESPlorer.ESPlorer</class>
  <method>log</method>
  <thread>13</thread>
  <message>found last saved serial port COM3</message>
</record>
<record>
  <date>2017-11-04T00:59:09</date>
  <millis>1509746349003</millis>
  <sequence>14</sequence>
  <logger>ESPlorer.ESPlorer</logger>
  <level>INFO</level>
  <class>ESPlorer.ESPlorer</class>
  <method>log</method>
  <thread>13</thread>
  <message>Scan done.</message>
</record>
